<?xml version="1.0" encoding="UTF-8"?>
<!-- Generated by org.testng.reporters.JUnitXMLReporter -->
<testsuite hostname="Firm" name="Hotel_Expedia_Country_DataProvider" tests="4" failures="0" timestamp="8 Mar 2016 21:03:40 GMT" time="7.95" errors="0">
  <testcase name="assertAlphaCodeInAllCountry" time="6.981" classname="hotels.com.assesment.acmeCountryDataProviderApiTest.CountryGetAllTest"/>
  <testcase name="assertAlphaCodeInAllCountry" time="0.32" classname="hotels.com.assesment.acmeCountryDataProviderApiTest.CountryGetAllTest"/>
  <testcase name="assertCountryNamesInAllCountry" time="0.31" classname="hotels.com.assesment.acmeCountryDataProviderApiTest.CountryGetAllTest"/>
  <testcase name="assertCountryNamesInAllCountry" time="0.298" classname="hotels.com.assesment.acmeCountryDataProviderApiTest.CountryGetAllTest"/>
</testsuite> <!-- Hotel_Expedia_Country_DataProvider -->
